<?xml version="1.0" encoding="UTF-8"?>
<!-- Generated by org.testng.reporters.JUnitReportReporter -->
<testsuite hostname="CPC-debas-HPLU6" failures="0" tests="1" name="tests.HomePageTest" time="3.842" errors="0" timestamp="2024-09-09T16:34:17 IST" skipped="0">
  <testcase classname="tests.HomePageTest" name="getTitleTest" time="3.842"/>
</testsuite> <!-- tests.HomePageTest -->
