<?xml version="1.0" encoding="UTF-8"?>
<!-- Generated by org.testng.reporters.JUnitReportReporter -->
<testsuite hostname="CPC-debas-HPLU6" failures="0" tests="1" name="tests.LoginPageTest" time="6.020" errors="0" timestamp="2024-09-18T13:20:32 IST" skipped="0">
  <testcase classname="tests.LoginPageTest" name="doLoginTest" time="6.020"/>
</testsuite> <!-- tests.LoginPageTest -->
